15:50:42 **** Incremental Build of configuration Nios II for project Audio_App ****
make all 
Info: Building S:/CPET561/CPET_561/DE1_SoC_Lab9/software/Audio_App_bsp/
C:/intelFPGA/18.1/nios2eds/bin/gnu/H-x86_64-mingw32/bin/make --no-print-directory -C S:/CPET561/CPET_561/DE1_SoC_Lab9/software/Audio_App_bsp/
[BSP build complete]
Info: Compiling audio_demo.c to obj/default/audio_demo.o
nios2-elf-gcc -xc -MP -MMD -c -IS:/CPET561/CPET_561/DE1_SoC_Lab9/software/Audio_App_bsp//HAL/inc -IS:/CPET561/CPET_561/DE1_SoC_Lab9/software/Audio_App_bsp/ -IS:/CPET561/CPET_561/DE1_SoC_Lab9/software/Audio_App_bsp//drivers/inc  -pipe -D__hal__ -DALT_NO_INSTRUCTION_EMULATION -DALT_SINGLE_THREADED    -O0 -g -Wall   -mno-hw-div -mno-hw-mul -mno-hw-mulx -mgpopt=global  -o obj/default/audio_demo.o audio_demo.c
Info: Linking Audio_App.elf
nios2-elf-g++  -T'S:/CPET561/CPET_561/DE1_SoC_Lab9/software/Audio_App_bsp//linker.x' -msys-crt0='S:/CPET561/CPET_561/DE1_SoC_Lab9/software/Audio_App_bsp//obj/HAL/src/crt0.o' -msys-lib=hal_bsp -LS:/CPET561/CPET_561/DE1_SoC_Lab9/software/Audio_App_bsp/   -Wl,-Map=Audio_App.map   -O0 -g -Wall   -mno-hw-div -mno-hw-mul -mno-hw-mulx -mgpopt=global  -o Audio_App.elf obj/default/audio_demo.o -lm -msys-lib=m
nios2-elf-insert Audio_App.elf --thread_model hal --cpu_name nios2_gen2_0 --qsys true --simulation_enabled false --id 285216784 --sidp 0x4021060 --timestamp 1745437380 --stderr_dev jtag_uart_0 --stdin_dev jtag_uart_0 --stdout_dev jtag_uart_0 --sopc_system_name nios_system --quartus_project_dir "s:/CPET561/CPET_561/DE1_SoC_Lab9/Audio_demo_support_files" --sopcinfo S:/CPET561/CPET_561/DE1_SoC_Lab9/Audio_demo_support_files/nios_system.sopcinfo
Info: (Audio_App.elf) 34 KBytes program size (code + initialized data).
Info:                 22 KBytes free for stack + heap.
Info: Creating Audio_App.objdump
nios2-elf-objdump --disassemble --syms --all-header --source Audio_App.elf >Audio_App.objdump
[Audio_App build complete]
15:50:48 **** Build of configuration Nios II for project Audio_App ****
make all 
Info: Building S:/CPET561/CPET_561/DE1_SoC_Lab9/software/Audio_App_bsp/
C:/intelFPGA/18.1/nios2eds/bin/gnu/H-x86_64-mingw32/bin/make --no-print-directory -C S:/CPET561/CPET_561/DE1_SoC_Lab9/software/Audio_App_bsp/
[BSP build complete]
[Audio_App build complete]
15:50:50 **** Incremental Build of configuration Nios II for project Audio_App ****
make all 
Info: Building S:/CPET561/CPET_561/DE1_SoC_Lab9/software/Audio_App_bsp/
C:/intelFPGA/18.1/nios2eds/bin/gnu/H-x86_64-mingw32/bin/make --no-print-directory -C S:/CPET561/CPET_561/DE1_SoC_Lab9/software/Audio_App_bsp/
[BSP build complete]
[Audio_App build complete]
