Analysis & Synthesis report for vhdl_servo_controller
Mon Mar 03 12:39:06 2025
Quartus Prime Version 18.1.0 Build 625 09/12/2018 SJ Standard Edition


---------------------
; Table of Contents ;
---------------------
  1. Legal Notice
  2. Analysis & Synthesis Summary
  3. Analysis & Synthesis Settings
  4. Parallel Compilation
  5. Analysis & Synthesis Source Files Read
  6. Analysis & Synthesis Resource Usage Summary
  7. Analysis & Synthesis Resource Utilization by Entity
  8. Registers Removed During Synthesis
  9. Removed Registers Triggering Further Register Optimizations
 10. General Register Statistics
 11. Inverted Register Statistics
 12. Multiplexer Restructuring Statistics (Restructuring Performed)
 13. Parameter Settings for User Entity Instance: generic_counter:counter
 14. Port Connectivity Checks: "state_machine_core:state_machine"
 15. Post-Synthesis Netlist Statistics for Top Partition
 16. Elapsed Time Per Partition
 17. Analysis & Synthesis Messages



----------------
; Legal Notice ;
----------------
Copyright (C) 2018  Intel Corporation. All rights reserved.
Your use of Intel Corporation's design tools, logic functions 
and other software and tools, and its AMPP partner logic 
functions, and any output files from any of the foregoing 
(including device programming or simulation files), and any 
associated documentation or information are expressly subject 
to the terms and conditions of the Intel Program License 
Subscription Agreement, the Intel Quartus Prime License Agreement,
the Intel FPGA IP License Agreement, or other applicable license
agreement, including, without limitation, that your use is for
the sole purpose of programming logic devices manufactured by
Intel and sold by Intel or its authorized distributors.  Please
refer to the applicable agreement for further details.



+-----------------------------------------------------------------------------------+
; Analysis & Synthesis Summary                                                      ;
+---------------------------------+-------------------------------------------------+
; Analysis & Synthesis Status     ; Successful - Mon Mar 03 12:39:06 2025           ;
; Quartus Prime Version           ; 18.1.0 Build 625 09/12/2018 SJ Standard Edition ;
; Revision Name                   ; vhdl_servo_controller                           ;
; Top-level Entity Name           ; vhdl_servo_controller                           ;
; Family                          ; Cyclone V                                       ;
; Logic utilization (in ALMs)     ; N/A                                             ;
; Total registers                 ; 71                                              ;
; Total pins                      ; 36                                              ;
; Total virtual pins              ; 0                                               ;
; Total block memory bits         ; 0                                               ;
; Total DSP Blocks                ; 0                                               ;
; Total HSSI RX PCSs              ; 0                                               ;
; Total HSSI PMA RX Deserializers ; 0                                               ;
; Total HSSI TX PCSs              ; 0                                               ;
; Total HSSI PMA TX Serializers   ; 0                                               ;
; Total PLLs                      ; 0                                               ;
; Total DLLs                      ; 0                                               ;
+---------------------------------+-------------------------------------------------+


+---------------------------------------------------------------------------------------------------------------------------------+
; Analysis & Synthesis Settings                                                                                                   ;
+---------------------------------------------------------------------------------+-----------------------+-----------------------+
; Option                                                                          ; Setting               ; Default Value         ;
+---------------------------------------------------------------------------------+-----------------------+-----------------------+
; Device                                                                          ; 5CSEMA5F31C6          ;                       ;
; Top-level entity name                                                           ; vhdl_servo_controller ; vhdl_servo_controller ;
; Family name                                                                     ; Cyclone V             ; Cyclone V             ;
; Use smart compilation                                                           ; Off                   ; Off                   ;
; Enable parallel Assembler and Timing Analyzer during compilation                ; On                    ; On                    ;
; Enable compact report table                                                     ; Off                   ; Off                   ;
; Restructure Multiplexers                                                        ; Auto                  ; Auto                  ;
; MLAB Add Timing Constraints For Mixed-Port Feed-Through Mode Setting Don't Care ; Off                   ; Off                   ;
; Create Debugging Nodes for IP Cores                                             ; Off                   ; Off                   ;
; Preserve fewer node names                                                       ; On                    ; On                    ;
; Intel FPGA IP Evaluation Mode                                                   ; Enable                ; Enable                ;
; Verilog Version                                                                 ; Verilog_2001          ; Verilog_2001          ;
; VHDL Version                                                                    ; VHDL_1993             ; VHDL_1993             ;
; State Machine Processing                                                        ; Auto                  ; Auto                  ;
; Safe State Machine                                                              ; Off                   ; Off                   ;
; Extract Verilog State Machines                                                  ; On                    ; On                    ;
; Extract VHDL State Machines                                                     ; On                    ; On                    ;
; Ignore Verilog initial constructs                                               ; Off                   ; Off                   ;
; Iteration limit for constant Verilog loops                                      ; 5000                  ; 5000                  ;
; Iteration limit for non-constant Verilog loops                                  ; 250                   ; 250                   ;
; Add Pass-Through Logic to Inferred RAMs                                         ; On                    ; On                    ;
; Infer RAMs from Raw Logic                                                       ; On                    ; On                    ;
; Parallel Synthesis                                                              ; On                    ; On                    ;
; DSP Block Balancing                                                             ; Auto                  ; Auto                  ;
; NOT Gate Push-Back                                                              ; On                    ; On                    ;
; Power-Up Don't Care                                                             ; On                    ; On                    ;
; Remove Redundant Logic Cells                                                    ; Off                   ; Off                   ;
; Remove Duplicate Registers                                                      ; On                    ; On                    ;
; Ignore CARRY Buffers                                                            ; Off                   ; Off                   ;
; Ignore CASCADE Buffers                                                          ; Off                   ; Off                   ;
; Ignore GLOBAL Buffers                                                           ; Off                   ; Off                   ;
; Ignore ROW GLOBAL Buffers                                                       ; Off                   ; Off                   ;
; Ignore LCELL Buffers                                                            ; Off                   ; Off                   ;
; Ignore SOFT Buffers                                                             ; On                    ; On                    ;
; Limit AHDL Integers to 32 Bits                                                  ; Off                   ; Off                   ;
; Optimization Technique                                                          ; Balanced              ; Balanced              ;
; Carry Chain Length                                                              ; 70                    ; 70                    ;
; Auto Carry Chains                                                               ; On                    ; On                    ;
; Auto Open-Drain Pins                                                            ; On                    ; On                    ;
; Perform WYSIWYG Primitive Resynthesis                                           ; Off                   ; Off                   ;
; Auto ROM Replacement                                                            ; On                    ; On                    ;
; Auto RAM Replacement                                                            ; On                    ; On                    ;
; Auto DSP Block Replacement                                                      ; On                    ; On                    ;
; Auto Shift Register Replacement                                                 ; Auto                  ; Auto                  ;
; Allow Shift Register Merging across Hierarchies                                 ; Auto                  ; Auto                  ;
; Auto Clock Enable Replacement                                                   ; On                    ; On                    ;
; Strict RAM Replacement                                                          ; Off                   ; Off                   ;
; Allow Synchronous Control Signals                                               ; On                    ; On                    ;
; Force Use of Synchronous Clear Signals                                          ; Off                   ; Off                   ;
; Auto Resource Sharing                                                           ; Off                   ; Off                   ;
; Allow Any RAM Size For Recognition                                              ; Off                   ; Off                   ;
; Allow Any ROM Size For Recognition                                              ; Off                   ; Off                   ;
; Allow Any Shift Register Size For Recognition                                   ; Off                   ; Off                   ;
; Use LogicLock Constraints during Resource Balancing                             ; On                    ; On                    ;
; Ignore translate_off and synthesis_off directives                               ; Off                   ; Off                   ;
; Timing-Driven Synthesis                                                         ; On                    ; On                    ;
; Report Parameter Settings                                                       ; On                    ; On                    ;
; Report Source Assignments                                                       ; On                    ; On                    ;
; Report Connectivity Checks                                                      ; On                    ; On                    ;
; Ignore Maximum Fan-Out Assignments                                              ; Off                   ; Off                   ;
; Synchronization Register Chain Length                                           ; 3                     ; 3                     ;
; Power Optimization During Synthesis                                             ; Normal compilation    ; Normal compilation    ;
; HDL message level                                                               ; Level2                ; Level2                ;
; Suppress Register Optimization Related Messages                                 ; Off                   ; Off                   ;
; Number of Removed Registers Reported in Synthesis Report                        ; 5000                  ; 5000                  ;
; Number of Swept Nodes Reported in Synthesis Report                              ; 5000                  ; 5000                  ;
; Number of Inverted Registers Reported in Synthesis Report                       ; 100                   ; 100                   ;
; Clock MUX Protection                                                            ; On                    ; On                    ;
; Auto Gated Clock Conversion                                                     ; Off                   ; Off                   ;
; Block Design Naming                                                             ; Auto                  ; Auto                  ;
; SDC constraint protection                                                       ; Off                   ; Off                   ;
; Synthesis Effort                                                                ; Auto                  ; Auto                  ;
; Shift Register Replacement - Allow Asynchronous Clear Signal                    ; On                    ; On                    ;
; Pre-Mapping Resynthesis Optimization                                            ; Off                   ; Off                   ;
; Analysis & Synthesis Message Level                                              ; Medium                ; Medium                ;
; Disable Register Merging Across Hierarchies                                     ; Auto                  ; Auto                  ;
; Resource Aware Inference For Block RAM                                          ; On                    ; On                    ;
; Automatic Parallel Synthesis                                                    ; On                    ; On                    ;
; Partial Reconfiguration Bitstream ID                                            ; Off                   ; Off                   ;
+---------------------------------------------------------------------------------+-----------------------+-----------------------+


+------------------------------------------+
; Parallel Compilation                     ;
+----------------------------+-------------+
; Processors                 ; Number      ;
+----------------------------+-------------+
; Number detected on machine ; 20          ;
; Maximum allowed            ; 10          ;
;                            ;             ;
; Average used               ; 1.00        ;
; Maximum used               ; 10          ;
;                            ;             ;
; Usage by Processor         ; % Time Used ;
;     Processor 1            ; 100.0%      ;
;     Processors 2-10        ;   0.0%      ;
+----------------------------+-------------+


+------------------------------------------------------------------------------------------------------------------------------------------------------------------------+
; Analysis & Synthesis Source Files Read                                                                                                                                 ;
+-------------------------------------+-----------------+-----------------+------------------------------------------------------------------------------------+---------+
; File Name with User-Entered Path    ; Used in Netlist ; File Type       ; File Name with Absolute Path                                                       ; Library ;
+-------------------------------------+-----------------+-----------------+------------------------------------------------------------------------------------+---------+
; ../../src/state_machine_core.vhd    ; yes             ; User VHDL File  ; S:/CPET561/CPET_561/DE1_SoC_Lab4/Custom_IP_Component/src/state_machine_core.vhd    ;         ;
; ../../src/generic_counter.vhd       ; yes             ; User VHDL File  ; S:/CPET561/CPET_561/DE1_SoC_Lab4/Custom_IP_Component/src/generic_counter.vhd       ;         ;
; ../../src/angle_counter.vhd         ; yes             ; User VHDL File  ; S:/CPET561/CPET_561/DE1_SoC_Lab4/Custom_IP_Component/src/angle_counter.vhd         ;         ;
; ../../src/vhdl_servo_controller.vhd ; yes             ; User VHDL File  ; S:/CPET561/CPET_561/DE1_SoC_Lab4/Custom_IP_Component/src/vhdl_servo_controller.vhd ;         ;
+-------------------------------------+-----------------+-----------------+------------------------------------------------------------------------------------+---------+


+---------------------------------------------------------+
; Analysis & Synthesis Resource Usage Summary             ;
+---------------------------------------------+-----------+
; Resource                                    ; Usage     ;
+---------------------------------------------+-----------+
; Estimate of Logic utilization (ALMs needed) ; 136       ;
;                                             ;           ;
; Combinational ALUT usage for logic          ; 214       ;
;     -- 7 input functions                    ; 0         ;
;     -- 6 input functions                    ; 58        ;
;     -- 5 input functions                    ; 20        ;
;     -- 4 input functions                    ; 22        ;
;     -- <=3 input functions                  ; 114       ;
;                                             ;           ;
; Dedicated logic registers                   ; 71        ;
;                                             ;           ;
; I/O pins                                    ; 36        ;
;                                             ;           ;
; Total DSP Blocks                            ; 0         ;
;                                             ;           ;
; Maximum fan-out node                        ; clk~input ;
; Maximum fan-out                             ; 71        ;
; Total fan-out                               ; 1022      ;
; Average fan-out                             ; 2.86      ;
+---------------------------------------------+-----------+


+-------------------------------------------------------------------------------------------------------------------------------------------------------------------------------------------------------------------------------------------------+
; Analysis & Synthesis Resource Utilization by Entity                                                                                                                                                                                             ;
+---------------------------------------+---------------------+---------------------------+-------------------+------------+------+--------------+---------------------------------------------------------+-----------------------+--------------+
; Compilation Hierarchy Node            ; Combinational ALUTs ; Dedicated Logic Registers ; Block Memory Bits ; DSP Blocks ; Pins ; Virtual Pins ; Full Hierarchy Name                                     ; Entity Name           ; Library Name ;
+---------------------------------------+---------------------+---------------------------+-------------------+------------+------+--------------+---------------------------------------------------------+-----------------------+--------------+
; |vhdl_servo_controller                ; 214 (32)            ; 71 (3)                    ; 0                 ; 0          ; 36   ; 0            ; |vhdl_servo_controller                                  ; vhdl_servo_controller ; work         ;
;    |angle_counter:angle_proc|         ; 136 (136)           ; 31 (31)                   ; 0                 ; 0          ; 0    ; 0            ; |vhdl_servo_controller|angle_counter:angle_proc         ; angle_counter         ; work         ;
;    |generic_counter:counter|          ; 41 (41)             ; 33 (33)                   ; 0                 ; 0          ; 0    ; 0            ; |vhdl_servo_controller|generic_counter:counter          ; generic_counter       ; work         ;
;    |state_machine_core:state_machine| ; 5 (5)               ; 4 (4)                     ; 0                 ; 0          ; 0    ; 0            ; |vhdl_servo_controller|state_machine_core:state_machine ; state_machine_core    ; work         ;
+---------------------------------------+---------------------+---------------------------+-------------------+------------+------+--------------+---------------------------------------------------------+-----------------------+--------------+
Note: For table entries with two numbers listed, the numbers in parentheses indicate the number of resources of the given type used by the specific entity alone. The numbers listed outside of parentheses indicate the total resources of the given type used by the specific entity and all of its sub-entities in the hierarchy.


+-------------------------------------------------------------------------------------------+
; Registers Removed During Synthesis                                                        ;
+-----------------------------------------+-------------------------------------------------+
; Register name                           ; Reason for Removal                              ;
+-----------------------------------------+-------------------------------------------------+
; angle_max_reg_s[8]                      ; Stuck at GND due to stuck port data_in          ;
; angle_max_reg_s[7]                      ; Stuck at VCC due to stuck port data_in          ;
; angle_max_reg_s[6]                      ; Stuck at GND due to stuck port data_in          ;
; angle_max_reg_s[5]                      ; Stuck at VCC due to stuck port data_in          ;
; angle_max_reg_s[0..4]                   ; Stuck at GND due to stuck port data_in          ;
; angle_max_reg_s[9,10]                   ; Stuck at VCC due to stuck port data_in          ;
; angle_max_reg_s[11..14]                 ; Stuck at GND due to stuck port data_in          ;
; angle_max_reg_s[15,16]                  ; Stuck at VCC due to stuck port data_in          ;
; angle_max_reg_s[17..31]                 ; Stuck at GND due to stuck port data_in          ;
; angle_counter:angle_proc|angle_s[1]     ; Merged with angle_counter:angle_proc|angle_s[0] ;
; angle_min_reg_s[1..3,5,7,10..13,16..31] ; Merged with angle_min_reg_s[0]                  ;
; angle_min_reg_s[4,6,8,9,15]             ; Merged with angle_min_reg_s[14]                 ;
; angle_min_reg_s[0]                      ; Stuck at GND due to stuck port data_in          ;
; angle_counter:angle_proc|angle_s[0]     ; Stuck at GND due to stuck port data_in          ;
; Total Number of Removed Registers = 65  ;                                                 ;
+-----------------------------------------+-------------------------------------------------+


+-----------------------------------------------------------------------------------------+
; Removed Registers Triggering Further Register Optimizations                             ;
+--------------------+---------------------------+----------------------------------------+
; Register name      ; Reason for Removal        ; Registers Removed due to This Register ;
+--------------------+---------------------------+----------------------------------------+
; angle_max_reg_s[8] ; Stuck at GND              ; angle_counter:angle_proc|angle_s[0]    ;
;                    ; due to stuck port data_in ;                                        ;
+--------------------+---------------------------+----------------------------------------+


+------------------------------------------------------+
; General Register Statistics                          ;
+----------------------------------------------+-------+
; Statistic                                    ; Value ;
+----------------------------------------------+-------+
; Total registers                              ; 71    ;
; Number of registers using Synchronous Clear  ; 32    ;
; Number of registers using Synchronous Load   ; 1     ;
; Number of registers using Asynchronous Clear ; 34    ;
; Number of registers using Asynchronous Load  ; 0     ;
; Number of registers using Clock Enable       ; 4     ;
; Number of registers using Preset             ; 0     ;
+----------------------------------------------+-------+


+------------------------------------------------------------+
; Inverted Register Statistics                               ;
+--------------------------------------------------+---------+
; Inverted Register                                ; Fan out ;
+--------------------------------------------------+---------+
; state_machine_core:state_machine|state_pres_s[3] ; 39      ;
; Total number of inverted registers = 1           ;         ;
+--------------------------------------------------+---------+


+---------------------------------------------------------------------------------------------------------------------------------------------------------------------------+
; Multiplexer Restructuring Statistics (Restructuring Performed)                                                                                                            ;
+--------------------+-----------+---------------+----------------------+------------------------+------------+-------------------------------------------------------------+
; Multiplexer Inputs ; Bus Width ; Baseline Area ; Area if Restructured ; Saving if Restructured ; Registered ; Example Multiplexer Output                                  ;
+--------------------+-----------+---------------+----------------------+------------------------+------------+-------------------------------------------------------------+
; 3:1                ; 32 bits   ; 64 LEs        ; 0 LEs                ; 64 LEs                 ; Yes        ; |vhdl_servo_controller|generic_counter:counter|cntr[23]     ;
; 20:1               ; 24 bits   ; 312 LEs       ; 96 LEs               ; 216 LEs                ; Yes        ; |vhdl_servo_controller|angle_counter:angle_proc|angle_s[23] ;
; 16:1               ; 6 bits    ; 60 LEs        ; 18 LEs               ; 42 LEs                 ; Yes        ; |vhdl_servo_controller|angle_counter:angle_proc|angle_s[15] ;
+--------------------+-----------+---------------+----------------------+------------------------+------------+-------------------------------------------------------------+


+----------------------------------------------------------------------+
; Parameter Settings for User Entity Instance: generic_counter:counter ;
+----------------+----------------------------------+------------------+
; Parameter Name ; Value                            ; Type             ;
+----------------+----------------------------------+------------------+
; max_count      ; 00000000000011110100001001000000 ; Unsigned Binary  ;
+----------------+----------------------------------+------------------+
Note: In order to hide this table in the UI and the text report file, please set the "Show Parameter Settings in Synthesis Report" option in "Analysis and Synthesis Settings -> More Settings" to "Off".


+------------------------------------------------------------------------------------------------------------------------+
; Port Connectivity Checks: "state_machine_core:state_machine"                                                           ;
+--------------+--------+----------+-------------------------------------------------------------------------------------+
; Port         ; Type   ; Severity ; Details                                                                             ;
+--------------+--------+----------+-------------------------------------------------------------------------------------+
; write_en_i   ; Input  ; Info     ; Stuck at VCC                                                                        ;
; state_next_o ; Output ; Info     ; Connected to dangling logic. Logic that only feeds a dangling port will be removed. ;
+--------------+--------+----------+-------------------------------------------------------------------------------------+


+-----------------------------------------------------+
; Post-Synthesis Netlist Statistics for Top Partition ;
+-----------------------+-----------------------------+
; Type                  ; Count                       ;
+-----------------------+-----------------------------+
; arriav_ff             ; 71                          ;
;     CLR               ; 30                          ;
;     ENA CLR           ; 4                           ;
;     SCLR              ; 32                          ;
;     SLD               ; 1                           ;
;     plain             ; 4                           ;
; arriav_lcell_comb     ; 214                         ;
;     arith             ; 92                          ;
;         1 data inputs ; 92                          ;
;     normal            ; 122                         ;
;         2 data inputs ; 12                          ;
;         3 data inputs ; 10                          ;
;         4 data inputs ; 22                          ;
;         5 data inputs ; 20                          ;
;         6 data inputs ; 58                          ;
; boundary_port         ; 36                          ;
;                       ;                             ;
; Max LUT depth         ; 5.70                        ;
; Average LUT depth     ; 4.40                        ;
+-----------------------+-----------------------------+


+-------------------------------+
; Elapsed Time Per Partition    ;
+----------------+--------------+
; Partition Name ; Elapsed Time ;
+----------------+--------------+
; Top            ; 00:00:00     ;
+----------------+--------------+


+-------------------------------+
; Analysis & Synthesis Messages ;
+-------------------------------+
Info: *******************************************************************
Info: Running Quartus Prime Analysis & Synthesis
    Info: Version 18.1.0 Build 625 09/12/2018 SJ Standard Edition
    Info: Processing started: Mon Mar 03 12:38:56 2025
Info: Command: quartus_map --read_settings_files=on --write_settings_files=off vhdl_servo_controller -c vhdl_servo_controller
Warning (18236): Number of processors has not been specified which may cause overloading on shared machines.  Set the global assignment NUM_PARALLEL_PROCESSORS in your QSF to an appropriate value for best performance.
Info (20030): Parallel compilation is enabled and will use 10 of the 10 processors detected
Info (12021): Found 2 design units, including 1 entities, in source file /cpet561/cpet_561/de1_soc_lab4/custom_ip_component/src/state_machine_core.vhd
    Info (12022): Found design unit 1: state_machine_core-beh File: S:/CPET561/CPET_561/DE1_SoC_Lab4/Custom_IP_Component/src/state_machine_core.vhd Line: 24
    Info (12023): Found entity 1: state_machine_core File: S:/CPET561/CPET_561/DE1_SoC_Lab4/Custom_IP_Component/src/state_machine_core.vhd Line: 13
Info (12021): Found 2 design units, including 1 entities, in source file /cpet561/cpet_561/de1_soc_lab4/custom_ip_component/src/generic_counter.vhd
    Info (12022): Found design unit 1: generic_counter-beh File: S:/CPET561/CPET_561/DE1_SoC_Lab4/Custom_IP_Component/src/generic_counter.vhd Line: 18
    Info (12023): Found entity 1: generic_counter File: S:/CPET561/CPET_561/DE1_SoC_Lab4/Custom_IP_Component/src/generic_counter.vhd Line: 6
Info (12021): Found 2 design units, including 1 entities, in source file /cpet561/cpet_561/de1_soc_lab4/custom_ip_component/src/angle_counter.vhd
    Info (12022): Found design unit 1: angle_counter-beh File: S:/CPET561/CPET_561/DE1_SoC_Lab4/Custom_IP_Component/src/angle_counter.vhd Line: 19
    Info (12023): Found entity 1: angle_counter File: S:/CPET561/CPET_561/DE1_SoC_Lab4/Custom_IP_Component/src/angle_counter.vhd Line: 6
Info (12021): Found 2 design units, including 1 entities, in source file /cpet561/cpet_561/de1_soc_lab4/custom_ip_component/src/vhdl_servo_controller.vhd
    Info (12022): Found design unit 1: vhdl_servo_controller-beh File: S:/CPET561/CPET_561/DE1_SoC_Lab4/Custom_IP_Component/src/vhdl_servo_controller.vhd Line: 27
    Info (12023): Found entity 1: vhdl_servo_controller File: S:/CPET561/CPET_561/DE1_SoC_Lab4/Custom_IP_Component/src/vhdl_servo_controller.vhd Line: 15
Info (12127): Elaborating entity "vhdl_servo_controller" for the top level hierarchy
Warning (10036): Verilog HDL or VHDL warning at vhdl_servo_controller.vhd(37): object "state_next_s" assigned a value but never read File: S:/CPET561/CPET_561/DE1_SoC_Lab4/Custom_IP_Component/src/vhdl_servo_controller.vhd Line: 37
Warning (10540): VHDL Signal Declaration warning at vhdl_servo_controller.vhd(53): used explicit default value for signal "addr_i" because signal was never assigned a value File: S:/CPET561/CPET_561/DE1_SoC_Lab4/Custom_IP_Component/src/vhdl_servo_controller.vhd Line: 53
Warning (10540): VHDL Signal Declaration warning at vhdl_servo_controller.vhd(54): used explicit default value for signal "write_en_i" because signal was never assigned a value File: S:/CPET561/CPET_561/DE1_SoC_Lab4/Custom_IP_Component/src/vhdl_servo_controller.vhd Line: 54
Warning (10492): VHDL Process Statement warning at vhdl_servo_controller.vhd(172): signal "irq_s" is read inside the Process Statement but isn't in the Process Statement's sensitivity list File: S:/CPET561/CPET_561/DE1_SoC_Lab4/Custom_IP_Component/src/vhdl_servo_controller.vhd Line: 172
Warning (10492): VHDL Process Statement warning at vhdl_servo_controller.vhd(187): signal "pwm_s" is read inside the Process Statement but isn't in the Process Statement's sensitivity list File: S:/CPET561/CPET_561/DE1_SoC_Lab4/Custom_IP_Component/src/vhdl_servo_controller.vhd Line: 187
Info (12128): Elaborating entity "angle_counter" for hierarchy "angle_counter:angle_proc" File: S:/CPET561/CPET_561/DE1_SoC_Lab4/Custom_IP_Component/src/vhdl_servo_controller.vhd Line: 122
Info (12128): Elaborating entity "generic_counter" for hierarchy "generic_counter:counter" File: S:/CPET561/CPET_561/DE1_SoC_Lab4/Custom_IP_Component/src/vhdl_servo_controller.vhd Line: 134
Info (12128): Elaborating entity "state_machine_core" for hierarchy "state_machine_core:state_machine" File: S:/CPET561/CPET_561/DE1_SoC_Lab4/Custom_IP_Component/src/vhdl_servo_controller.vhd Line: 146
Warning (10492): VHDL Process Statement warning at state_machine_core.vhd(37): signal "state_pres_s" is read inside the Process Statement but isn't in the Process Statement's sensitivity list File: S:/CPET561/CPET_561/DE1_SoC_Lab4/Custom_IP_Component/src/state_machine_core.vhd Line: 37
Warning (13004): Presettable and clearable registers converted to equivalent circuits with latches. Registers power-up to an undefined state, and DEVCLRn places the registers in an undefined state.
    Warning (13310): Register "angle_counter:angle_proc|angle_s[15]" is converted into an equivalent circuit using register "angle_counter:angle_proc|angle_s[15]~_emulated" and latch "angle_counter:angle_proc|angle_s[15]~1" File: S:/CPET561/CPET_561/DE1_SoC_Lab4/Custom_IP_Component/src/angle_counter.vhd Line: 33
    Warning (13310): Register "angle_counter:angle_proc|angle_s[14]" is converted into an equivalent circuit using register "angle_counter:angle_proc|angle_s[14]~_emulated" and latch "angle_counter:angle_proc|angle_s[15]~1" File: S:/CPET561/CPET_561/DE1_SoC_Lab4/Custom_IP_Component/src/angle_counter.vhd Line: 33
    Warning (13310): Register "angle_counter:angle_proc|angle_s[9]" is converted into an equivalent circuit using register "angle_counter:angle_proc|angle_s[9]~_emulated" and latch "angle_counter:angle_proc|angle_s[15]~1" File: S:/CPET561/CPET_561/DE1_SoC_Lab4/Custom_IP_Component/src/angle_counter.vhd Line: 33
    Warning (13310): Register "angle_counter:angle_proc|angle_s[8]" is converted into an equivalent circuit using register "angle_counter:angle_proc|angle_s[8]~_emulated" and latch "angle_counter:angle_proc|angle_s[15]~1" File: S:/CPET561/CPET_561/DE1_SoC_Lab4/Custom_IP_Component/src/angle_counter.vhd Line: 33
    Warning (13310): Register "angle_counter:angle_proc|angle_s[6]" is converted into an equivalent circuit using register "angle_counter:angle_proc|angle_s[6]~_emulated" and latch "angle_counter:angle_proc|angle_s[15]~1" File: S:/CPET561/CPET_561/DE1_SoC_Lab4/Custom_IP_Component/src/angle_counter.vhd Line: 33
    Warning (13310): Register "angle_counter:angle_proc|angle_s[4]" is converted into an equivalent circuit using register "angle_counter:angle_proc|angle_s[4]~_emulated" and latch "angle_counter:angle_proc|angle_s[15]~1" File: S:/CPET561/CPET_561/DE1_SoC_Lab4/Custom_IP_Component/src/angle_counter.vhd Line: 33
Info (286030): Timing-Driven Synthesis is running
Info (16010): Generating hard_block partition "hard_block:auto_generated_inst"
    Info (16011): Adding 0 node(s), including 0 DDIO, 0 PLL, 0 transceiver and 0 LCELL
Warning (21074): Design contains 32 input pin(s) that do not drive logic
    Warning (15610): No output dependent on input pin "write_data_i[0]" File: S:/CPET561/CPET_561/DE1_SoC_Lab4/Custom_IP_Component/src/vhdl_servo_controller.vhd Line: 20
    Warning (15610): No output dependent on input pin "write_data_i[1]" File: S:/CPET561/CPET_561/DE1_SoC_Lab4/Custom_IP_Component/src/vhdl_servo_controller.vhd Line: 20
    Warning (15610): No output dependent on input pin "write_data_i[2]" File: S:/CPET561/CPET_561/DE1_SoC_Lab4/Custom_IP_Component/src/vhdl_servo_controller.vhd Line: 20
    Warning (15610): No output dependent on input pin "write_data_i[3]" File: S:/CPET561/CPET_561/DE1_SoC_Lab4/Custom_IP_Component/src/vhdl_servo_controller.vhd Line: 20
    Warning (15610): No output dependent on input pin "write_data_i[4]" File: S:/CPET561/CPET_561/DE1_SoC_Lab4/Custom_IP_Component/src/vhdl_servo_controller.vhd Line: 20
    Warning (15610): No output dependent on input pin "write_data_i[5]" File: S:/CPET561/CPET_561/DE1_SoC_Lab4/Custom_IP_Component/src/vhdl_servo_controller.vhd Line: 20
    Warning (15610): No output dependent on input pin "write_data_i[6]" File: S:/CPET561/CPET_561/DE1_SoC_Lab4/Custom_IP_Component/src/vhdl_servo_controller.vhd Line: 20
    Warning (15610): No output dependent on input pin "write_data_i[7]" File: S:/CPET561/CPET_561/DE1_SoC_Lab4/Custom_IP_Component/src/vhdl_servo_controller.vhd Line: 20
    Warning (15610): No output dependent on input pin "write_data_i[8]" File: S:/CPET561/CPET_561/DE1_SoC_Lab4/Custom_IP_Component/src/vhdl_servo_controller.vhd Line: 20
    Warning (15610): No output dependent on input pin "write_data_i[9]" File: S:/CPET561/CPET_561/DE1_SoC_Lab4/Custom_IP_Component/src/vhdl_servo_controller.vhd Line: 20
    Warning (15610): No output dependent on input pin "write_data_i[10]" File: S:/CPET561/CPET_561/DE1_SoC_Lab4/Custom_IP_Component/src/vhdl_servo_controller.vhd Line: 20
    Warning (15610): No output dependent on input pin "write_data_i[11]" File: S:/CPET561/CPET_561/DE1_SoC_Lab4/Custom_IP_Component/src/vhdl_servo_controller.vhd Line: 20
    Warning (15610): No output dependent on input pin "write_data_i[12]" File: S:/CPET561/CPET_561/DE1_SoC_Lab4/Custom_IP_Component/src/vhdl_servo_controller.vhd Line: 20
    Warning (15610): No output dependent on input pin "write_data_i[13]" File: S:/CPET561/CPET_561/DE1_SoC_Lab4/Custom_IP_Component/src/vhdl_servo_controller.vhd Line: 20
    Warning (15610): No output dependent on input pin "write_data_i[14]" File: S:/CPET561/CPET_561/DE1_SoC_Lab4/Custom_IP_Component/src/vhdl_servo_controller.vhd Line: 20
    Warning (15610): No output dependent on input pin "write_data_i[15]" File: S:/CPET561/CPET_561/DE1_SoC_Lab4/Custom_IP_Component/src/vhdl_servo_controller.vhd Line: 20
    Warning (15610): No output dependent on input pin "write_data_i[16]" File: S:/CPET561/CPET_561/DE1_SoC_Lab4/Custom_IP_Component/src/vhdl_servo_controller.vhd Line: 20
    Warning (15610): No output dependent on input pin "write_data_i[17]" File: S:/CPET561/CPET_561/DE1_SoC_Lab4/Custom_IP_Component/src/vhdl_servo_controller.vhd Line: 20
    Warning (15610): No output dependent on input pin "write_data_i[18]" File: S:/CPET561/CPET_561/DE1_SoC_Lab4/Custom_IP_Component/src/vhdl_servo_controller.vhd Line: 20
    Warning (15610): No output dependent on input pin "write_data_i[19]" File: S:/CPET561/CPET_561/DE1_SoC_Lab4/Custom_IP_Component/src/vhdl_servo_controller.vhd Line: 20
    Warning (15610): No output dependent on input pin "write_data_i[20]" File: S:/CPET561/CPET_561/DE1_SoC_Lab4/Custom_IP_Component/src/vhdl_servo_controller.vhd Line: 20
    Warning (15610): No output dependent on input pin "write_data_i[21]" File: S:/CPET561/CPET_561/DE1_SoC_Lab4/Custom_IP_Component/src/vhdl_servo_controller.vhd Line: 20
    Warning (15610): No output dependent on input pin "write_data_i[22]" File: S:/CPET561/CPET_561/DE1_SoC_Lab4/Custom_IP_Component/src/vhdl_servo_controller.vhd Line: 20
    Warning (15610): No output dependent on input pin "write_data_i[23]" File: S:/CPET561/CPET_561/DE1_SoC_Lab4/Custom_IP_Component/src/vhdl_servo_controller.vhd Line: 20
    Warning (15610): No output dependent on input pin "write_data_i[24]" File: S:/CPET561/CPET_561/DE1_SoC_Lab4/Custom_IP_Component/src/vhdl_servo_controller.vhd Line: 20
    Warning (15610): No output dependent on input pin "write_data_i[25]" File: S:/CPET561/CPET_561/DE1_SoC_Lab4/Custom_IP_Component/src/vhdl_servo_controller.vhd Line: 20
    Warning (15610): No output dependent on input pin "write_data_i[26]" File: S:/CPET561/CPET_561/DE1_SoC_Lab4/Custom_IP_Component/src/vhdl_servo_controller.vhd Line: 20
    Warning (15610): No output dependent on input pin "write_data_i[27]" File: S:/CPET561/CPET_561/DE1_SoC_Lab4/Custom_IP_Component/src/vhdl_servo_controller.vhd Line: 20
    Warning (15610): No output dependent on input pin "write_data_i[28]" File: S:/CPET561/CPET_561/DE1_SoC_Lab4/Custom_IP_Component/src/vhdl_servo_controller.vhd Line: 20
    Warning (15610): No output dependent on input pin "write_data_i[29]" File: S:/CPET561/CPET_561/DE1_SoC_Lab4/Custom_IP_Component/src/vhdl_servo_controller.vhd Line: 20
    Warning (15610): No output dependent on input pin "write_data_i[30]" File: S:/CPET561/CPET_561/DE1_SoC_Lab4/Custom_IP_Component/src/vhdl_servo_controller.vhd Line: 20
    Warning (15610): No output dependent on input pin "write_data_i[31]" File: S:/CPET561/CPET_561/DE1_SoC_Lab4/Custom_IP_Component/src/vhdl_servo_controller.vhd Line: 20
Info (21057): Implemented 250 device resources after synthesis - the final resource count might be different
    Info (21058): Implemented 34 input pins
    Info (21059): Implemented 2 output pins
    Info (21061): Implemented 214 logic cells
Info: Quartus Prime Analysis & Synthesis was successful. 0 errors, 47 warnings
    Info: Peak virtual memory: 4909 megabytes
    Info: Processing ended: Mon Mar 03 12:39:06 2025
    Info: Elapsed time: 00:00:10
    Info: Total CPU time (on all processors): 00:00:06


