Flow report for DE1_SoC_Lab9
Wed Apr 23 15:46:54 2025
Quartus Prime Version 18.1.0 Build 625 09/12/2018 SJ Standard Edition


---------------------
; Table of Contents ;
---------------------
  1. Legal Notice
  2. Flow Summary
  3. Flow Settings
  4. Flow Non-Default Global Settings
  5. Flow Elapsed Time
  6. Flow OS Summary
  7. Flow Log
  8. Flow Messages
  9. Flow Suppressed Messages



----------------
; Legal Notice ;
----------------
Copyright (C) 2018  Intel Corporation. All rights reserved.
Your use of Intel Corporation's design tools, logic functions 
and other software and tools, and its AMPP partner logic 
functions, and any output files from any of the foregoing 
(including device programming or simulation files), and any 
associated documentation or information are expressly subject 
to the terms and conditions of the Intel Program License 
Subscription Agreement, the Intel Quartus Prime License Agreement,
the Intel FPGA IP License Agreement, or other applicable license
agreement, including, without limitation, that your use is for
the sole purpose of programming logic devices manufactured by
Intel and sold by Intel or its authorized distributors.  Please
refer to the applicable agreement for further details.



+-----------------------------------------------------------------------------------+
; Flow Summary                                                                      ;
+---------------------------------+-------------------------------------------------+
; Flow Status                     ; Successful - Wed Apr 23 15:46:38 2025           ;
; Quartus Prime Version           ; 18.1.0 Build 625 09/12/2018 SJ Standard Edition ;
; Revision Name                   ; DE1_SoC_Lab9                                    ;
; Top-level Entity Name           ; DE1_SoC_Lab9                                    ;
; Family                          ; Cyclone V                                       ;
; Device                          ; 5CSEMA5F31C6                                    ;
; Timing Models                   ; Final                                           ;
; Logic utilization (in ALMs)     ; 1,479 / 32,070 ( 5 % )                          ;
; Total registers                 ; 2190                                            ;
; Total pins                      ; 104 / 457 ( 23 % )                              ;
; Total virtual pins              ; 0                                               ;
; Total block memory bits         ; 543,872 / 4,065,280 ( 13 % )                    ;
; Total DSP Blocks                ; 16 / 87 ( 18 % )                                ;
; Total HSSI RX PCSs              ; 0                                               ;
; Total HSSI PMA RX Deserializers ; 0                                               ;
; Total HSSI TX PCSs              ; 0                                               ;
; Total HSSI PMA TX Serializers   ; 0                                               ;
; Total PLLs                      ; 1 / 6 ( 17 % )                                  ;
; Total DLLs                      ; 0 / 4 ( 0 % )                                   ;
+---------------------------------+-------------------------------------------------+


+-----------------------------------------+
; Flow Settings                           ;
+-------------------+---------------------+
; Option            ; Setting             ;
+-------------------+---------------------+
; Start date & time ; 04/23/2025 12:18:49 ;
; Main task         ; Compilation         ;
; Revision Name     ; DE1_SoC_Lab9        ;
+-------------------+---------------------+


+----------------------------------------------------------------------------------------------------------------------------------------------------------------+
; Flow Non-Default Global Settings                                                                                                                               ;
+-------------------------------------+-------------------------------------------------------------------------------+---------------+-------------+------------+
; Assignment Name                     ; Value                                                                         ; Default Value ; Entity Name ; Section Id ;
+-------------------------------------+-------------------------------------------------------------------------------+---------------+-------------+------------+
; COMPILER_SIGNATURE_ID               ; 194042950431224.174542512818940                                               ; --            ; --          ; --         ;
; MAX_CORE_JUNCTION_TEMP              ; 85                                                                            ; --            ; --          ; --         ;
; MIN_CORE_JUNCTION_TEMP              ; 0                                                                             ; --            ; --          ; --         ;
; MISC_FILE                           ; ../Audio_demo_support_files/nios_system/synthesis/../nios_system.cmp          ; --            ; --          ; --         ;
; MISC_FILE                           ; ../Audio_demo_support_files/nios_system/synthesis/../../nios_system.qsys      ; --            ; --          ; --         ;
; MISC_FILE                           ; ../Audio_demo_support_files/nios_system/synthesis/submodules/mult_ip_inst.vhd ; --            ; --          ; --         ;
; MISC_FILE                           ; ../Audio_demo_support_files/nios_system/synthesis/submodules/mult_ip.cmp      ; --            ; --          ; --         ;
; PARTITION_COLOR                     ; -- (Not supported for targeted family)                                        ; --            ; --          ; Top        ;
; PARTITION_FITTER_PRESERVATION_LEVEL ; -- (Not supported for targeted family)                                        ; --            ; --          ; Top        ;
; PARTITION_NETLIST_TYPE              ; -- (Not supported for targeted family)                                        ; --            ; --          ; Top        ;
; POWER_BOARD_THERMAL_MODEL           ; None (CONSERVATIVE)                                                           ; --            ; --          ; --         ;
; POWER_PRESET_COOLING_SOLUTION       ; 23 MM HEAT SINK WITH 200 LFPM AIRFLOW                                         ; --            ; --          ; --         ;
; PROJECT_OUTPUT_DIRECTORY            ; output_files                                                                  ; --            ; --          ; --         ;
; SLD_FILE                            ; ../Audio_demo_support_files/nios_system/synthesis/nios_system.regmap          ; --            ; --          ; --         ;
; SLD_FILE                            ; ../Audio_demo_support_files/nios_system/synthesis/nios_system.debuginfo       ; --            ; --          ; --         ;
; SLD_INFO                            ; QSYS_NAME nios_system HAS_SOPCINFO 1 GENERATION_ID 1745425080                 ; --            ; nios_system ; --         ;
; SOPCINFO_FILE                       ; ../Audio_demo_support_files/nios_system/synthesis/../../nios_system.sopcinfo  ; --            ; --          ; --         ;
; SYNTHESIS_ONLY_QIP                  ; On                                                                            ; --            ; --          ; --         ;
+-------------------------------------+-------------------------------------------------------------------------------+---------------+-------------+------------+


+--------------------------------------------------------------------------------------------------------------------------+
; Flow Elapsed Time                                                                                                        ;
+----------------------+--------------+-------------------------+---------------------+------------------------------------+
; Module Name          ; Elapsed Time ; Average Processors Used ; Peak Virtual Memory ; Total CPU Time (on all processors) ;
+----------------------+--------------+-------------------------+---------------------+------------------------------------+
; Analysis & Synthesis ; 00:00:55     ; 1.0                     ; 5086 MB             ; 00:00:32                           ;
; Fitter               ; 00:01:38     ; 1.1                     ; 7651 MB             ; 00:03:23                           ;
; Assembler            ; 00:00:08     ; 1.0                     ; 4900 MB             ; 00:00:07                           ;
; Timing Analyzer      ; 00:00:17     ; 1.6                     ; 5470 MB             ; 00:00:19                           ;
; Analysis & Synthesis ; 00:01:09     ; 1.1                     ; 5063 MB             ; 00:00:32                           ;
; Partition Merge      ; 00:00:32     ; 1.0                     ; 5096 MB             ; 00:00:12                           ;
; Fitter               ; 00:00:48     ; 1.0                     ; 7395 MB             ; 00:00:57                           ;
; Assembler            ; 00:00:09     ; 1.0                     ; 4905 MB             ; 00:00:07                           ;
; Timing Analyzer      ; 00:00:19     ; 2.2                     ; 5482 MB             ; 00:00:29                           ;
; Analysis & Synthesis ; 00:00:59     ; 1.0                     ; 5065 MB             ; 00:00:27                           ;
; Partition Merge      ; 00:00:11     ; 1.0                     ; 4976 MB             ; 00:00:05                           ;
; Fitter               ; 00:01:19     ; 1.2                     ; 7917 MB             ; 00:01:32                           ;
; Assembler            ; 00:00:08     ; 1.0                     ; 4902 MB             ; 00:00:07                           ;
; Timing Analyzer      ; 00:00:14     ; 1.8                     ; 5478 MB             ; 00:00:17                           ;
; Analysis & Synthesis ; 00:01:01     ; 1.0                     ; 5107 MB             ; 00:00:40                           ;
; Partition Merge      ; 00:00:04     ; 1.0                     ; 4813 MB             ; 00:00:02                           ;
; Fitter               ; 00:01:29     ; 1.1                     ; 7681 MB             ; 00:03:11                           ;
; Assembler            ; 00:00:08     ; 1.0                     ; 4900 MB             ; 00:00:07                           ;
; Timing Analyzer      ; 00:00:15     ; 1.7                     ; 5472 MB             ; 00:00:16                           ;
; Analysis & Synthesis ; 00:00:59     ; 1.0                     ; 5129 MB             ; 00:00:31                           ;
; Partition Merge      ; 00:00:04     ; 1.0                     ; 4811 MB             ; 00:00:02                           ;
; Fitter               ; 00:01:29     ; 1.1                     ; 7672 MB             ; 00:02:06                           ;
; Assembler            ; 00:00:09     ; 1.0                     ; 4896 MB             ; 00:00:07                           ;
; Timing Analyzer      ; 00:00:15     ; 1.7                     ; 5472 MB             ; 00:00:16                           ;
; Analysis & Synthesis ; 00:00:53     ; 1.0                     ; 5081 MB             ; 00:00:29                           ;
; Partition Merge      ; 00:00:03     ; 1.0                     ; 4810 MB             ; 00:00:02                           ;
; Fitter               ; 00:01:35     ; 1.1                     ; 7659 MB             ; 00:02:03                           ;
; Assembler            ; 00:00:08     ; 1.0                     ; 4893 MB             ; 00:00:07                           ;
; Timing Analyzer      ; 00:00:13     ; 1.7                     ; 5459 MB             ; 00:00:14                           ;
; Analysis & Synthesis ; 00:00:59     ; 1.0                     ; 5114 MB             ; 00:00:34                           ;
; Partition Merge      ; 00:00:03     ; 1.0                     ; 4809 MB             ; 00:00:03                           ;
; Fitter               ; 00:01:28     ; 1.1                     ; 7677 MB             ; 00:02:04                           ;
; Assembler            ; 00:00:09     ; 1.0                     ; 4900 MB             ; 00:00:07                           ;
; Timing Analyzer      ; 00:00:15     ; 1.8                     ; 5472 MB             ; 00:00:16                           ;
; Total                ; 00:20:25     ; --                      ; --                  ; 00:22:23                           ;
+----------------------+--------------+-------------------------+---------------------+------------------------------------+


+------------------------------------------------------------------------------------+
; Flow OS Summary                                                                    ;
+----------------------+------------------+------------+------------+----------------+
; Module Name          ; Machine Hostname ; OS Name    ; OS Version ; Processor type ;
+----------------------+------------------+------------+------------+----------------+
; Analysis & Synthesis ; gol-1360-01      ; Windows 10 ; 10.0       ; x86_64         ;
; Fitter               ; gol-1360-01      ; Windows 10 ; 10.0       ; x86_64         ;
; Assembler            ; gol-1360-01      ; Windows 10 ; 10.0       ; x86_64         ;
; Timing Analyzer      ; gol-1360-01      ; Windows 10 ; 10.0       ; x86_64         ;
; Analysis & Synthesis ; gol-1360-01      ; Windows 10 ; 10.0       ; x86_64         ;
; Partition Merge      ; gol-1360-01      ; Windows 10 ; 10.0       ; x86_64         ;
; Fitter               ; gol-1360-01      ; Windows 10 ; 10.0       ; x86_64         ;
; Assembler            ; gol-1360-01      ; Windows 10 ; 10.0       ; x86_64         ;
; Timing Analyzer      ; gol-1360-01      ; Windows 10 ; 10.0       ; x86_64         ;
; Analysis & Synthesis ; gol-1360-01      ; Windows 10 ; 10.0       ; x86_64         ;
; Partition Merge      ; gol-1360-01      ; Windows 10 ; 10.0       ; x86_64         ;
; Fitter               ; gol-1360-01      ; Windows 10 ; 10.0       ; x86_64         ;
; Assembler            ; gol-1360-01      ; Windows 10 ; 10.0       ; x86_64         ;
; Timing Analyzer      ; gol-1360-01      ; Windows 10 ; 10.0       ; x86_64         ;
; Analysis & Synthesis ; gol-1360-01      ; Windows 10 ; 10.0       ; x86_64         ;
; Partition Merge      ; gol-1360-01      ; Windows 10 ; 10.0       ; x86_64         ;
; Fitter               ; gol-1360-01      ; Windows 10 ; 10.0       ; x86_64         ;
; Assembler            ; gol-1360-01      ; Windows 10 ; 10.0       ; x86_64         ;
; Timing Analyzer      ; gol-1360-01      ; Windows 10 ; 10.0       ; x86_64         ;
; Analysis & Synthesis ; gol-1360-01      ; Windows 10 ; 10.0       ; x86_64         ;
; Partition Merge      ; gol-1360-01      ; Windows 10 ; 10.0       ; x86_64         ;
; Fitter               ; gol-1360-01      ; Windows 10 ; 10.0       ; x86_64         ;
; Assembler            ; gol-1360-01      ; Windows 10 ; 10.0       ; x86_64         ;
; Timing Analyzer      ; gol-1360-01      ; Windows 10 ; 10.0       ; x86_64         ;
; Analysis & Synthesis ; gol-1360-01      ; Windows 10 ; 10.0       ; x86_64         ;
; Partition Merge      ; gol-1360-01      ; Windows 10 ; 10.0       ; x86_64         ;
; Fitter               ; gol-1360-01      ; Windows 10 ; 10.0       ; x86_64         ;
; Assembler            ; gol-1360-01      ; Windows 10 ; 10.0       ; x86_64         ;
; Timing Analyzer      ; gol-1360-01      ; Windows 10 ; 10.0       ; x86_64         ;
; Analysis & Synthesis ; gol-1360-01      ; Windows 10 ; 10.0       ; x86_64         ;
; Partition Merge      ; gol-1360-01      ; Windows 10 ; 10.0       ; x86_64         ;
; Fitter               ; gol-1360-01      ; Windows 10 ; 10.0       ; x86_64         ;
; Assembler            ; gol-1360-01      ; Windows 10 ; 10.0       ; x86_64         ;
; Timing Analyzer      ; gol-1360-01      ; Windows 10 ; 10.0       ; x86_64         ;
+----------------------+------------------+------------+------------+----------------+


------------
; Flow Log ;
------------
quartus_map --read_settings_files=on --write_settings_files=off DE1_SoC_Lab9 -c DE1_SoC_Lab9
quartus_fit --read_settings_files=off --write_settings_files=off DE1_SoC_Lab9 -c DE1_SoC_Lab9
quartus_asm --read_settings_files=off --write_settings_files=off DE1_SoC_Lab9 -c DE1_SoC_Lab9
quartus_sta DE1_SoC_Lab9 -c DE1_SoC_Lab9
quartus_map --read_settings_files=on --write_settings_files=off DE1_SoC_Lab9 -c DE1_SoC_Lab9 --recompile=on
quartus_cdb --read_settings_files=on --write_settings_files=off DE1_SoC_Lab9 -c DE1_SoC_Lab9 --merge=on --recompile=on
quartus_fit --read_settings_files=off --write_settings_files=off DE1_SoC_Lab9 -c DE1_SoC_Lab9 --recompile=on
quartus_asm --read_settings_files=off --write_settings_files=off DE1_SoC_Lab9 -c DE1_SoC_Lab9
quartus_sta DE1_SoC_Lab9 -c DE1_SoC_Lab9
quartus_map --read_settings_files=on --write_settings_files=off DE1_SoC_Lab9 -c DE1_SoC_Lab9
quartus_cdb --read_settings_files=off --write_settings_files=off DE1_SoC_Lab9 -c DE1_SoC_Lab9 --merge=on
quartus_fit --read_settings_files=off --write_settings_files=off DE1_SoC_Lab9 -c DE1_SoC_Lab9
quartus_asm --read_settings_files=off --write_settings_files=off DE1_SoC_Lab9 -c DE1_SoC_Lab9
quartus_sta DE1_SoC_Lab9 -c DE1_SoC_Lab9
quartus_map --read_settings_files=on --write_settings_files=off DE1_SoC_Lab9 -c DE1_SoC_Lab9
quartus_cdb --read_settings_files=off --write_settings_files=off DE1_SoC_Lab9 -c DE1_SoC_Lab9 --merge=on
quartus_fit --read_settings_files=off --write_settings_files=off DE1_SoC_Lab9 -c DE1_SoC_Lab9
quartus_asm --read_settings_files=off --write_settings_files=off DE1_SoC_Lab9 -c DE1_SoC_Lab9
quartus_sta DE1_SoC_Lab9 -c DE1_SoC_Lab9
quartus_map --read_settings_files=on --write_settings_files=off DE1_SoC_Lab9 -c DE1_SoC_Lab9
quartus_cdb --read_settings_files=off --write_settings_files=off DE1_SoC_Lab9 -c DE1_SoC_Lab9 --merge=on
quartus_fit --read_settings_files=off --write_settings_files=off DE1_SoC_Lab9 -c DE1_SoC_Lab9
quartus_asm --read_settings_files=off --write_settings_files=off DE1_SoC_Lab9 -c DE1_SoC_Lab9
quartus_sta DE1_SoC_Lab9 -c DE1_SoC_Lab9
quartus_map --read_settings_files=on --write_settings_files=off DE1_SoC_Lab9 -c DE1_SoC_Lab9
quartus_cdb --read_settings_files=off --write_settings_files=off DE1_SoC_Lab9 -c DE1_SoC_Lab9 --merge=on
quartus_fit --read_settings_files=off --write_settings_files=off DE1_SoC_Lab9 -c DE1_SoC_Lab9
quartus_asm --read_settings_files=off --write_settings_files=off DE1_SoC_Lab9 -c DE1_SoC_Lab9
quartus_sta DE1_SoC_Lab9 -c DE1_SoC_Lab9
quartus_map --read_settings_files=on --write_settings_files=off DE1_SoC_Lab9 -c DE1_SoC_Lab9
quartus_cdb --read_settings_files=off --write_settings_files=off DE1_SoC_Lab9 -c DE1_SoC_Lab9 --merge=on
quartus_fit --read_settings_files=off --write_settings_files=off DE1_SoC_Lab9 -c DE1_SoC_Lab9
quartus_asm --read_settings_files=off --write_settings_files=off DE1_SoC_Lab9 -c DE1_SoC_Lab9
quartus_sta DE1_SoC_Lab9 -c DE1_SoC_Lab9



