15:52:16 **** Incremental Build of configuration Nios II for project Lab6_part4_APP ****
make all 
Info: Building ../Lab6_part4_APP_bsp/
C:/intelFPGA/18.1/nios2eds/bin/gnu/H-x86_64-mingw32/bin/make --no-print-directory -C ../Lab6_part4_APP_bsp/
[BSP build complete]
Info: Compiling Lab6_Part4.c to obj/default/Lab6_Part4.o
nios2-elf-gcc -xc -MP -MMD -c -I../Lab6_part4_APP_bsp//HAL/inc -I../Lab6_part4_APP_bsp/ -I../Lab6_part4_APP_bsp//drivers/inc  -pipe -D__hal__ -DALT_NO_C_PLUS_PLUS -DALT_NO_INSTRUCTION_EMULATION -DALT_USE_SMALL_DRIVERS -DSMALL_C_LIB -DALT_SINGLE_THREADED    -O0 -g -Wall   -mno-hw-div -mno-hw-mul -mno-hw-mulx -mgpopt=global  -o obj/default/Lab6_Part4.o Lab6_Part4.c
Lab6_Part4.c: In function 'byte_ram_test':
Lab6_Part4.c:19:14: warning: format '%x' expects argument of type 'unsigned int', but argument 2 has type 'volatile unsigned char *' [-Wformat=]
       printf("ERROR: Address: 0x%x Read: 0x%x Expected: 0x%x\n", (ramBase_char_ptr + addr), *(ramBase_char_ptr + addr), write_data);
              ^
Lab6_Part4.c:19:14: warning: format '%x' expects argument of type 'unsigned int', but argument 2 has type 'volatile unsigned char *' [-Wformat=]
Lab6_Part4.c: In function 'short_ram_test':
Lab6_Part4.c:32:14: warning: format '%x' expects argument of type 'unsigned int', but argument 2 has type 'volatile short unsigned int *' [-Wformat=]
       printf("ERROR: Address: 0x%x Read: 0x%x Expected: 0x%x\n", (ramBase_short_ptr + addr), *(ramBase_short_ptr + addr), write_data);
              ^
Lab6_Part4.c:32:14: warning: format '%x' expects argument of type 'unsigned int', but argument 2 has type 'volatile short unsigned int *' [-Wformat=]
Lab6_Part4.c: In function 'int_ram_test':
Lab6_Part4.c:45:14: warning: format '%x' expects argument of type 'unsigned int', but argument 2 has type 'volatile unsigned int *' [-Wformat=]
       printf("ERROR: Address: 0x%x Read: 0x%x Expected: 0x%x\n", (ramBase_int_ptr + addr), *(ramBase_int_ptr + addr), write_data);
              ^
Lab6_Part4.c:45:14: warning: format '%x' expects argument of type 'unsigned int', but argument 2 has type 'volatile unsigned int *' [-Wformat=]
Info: Linking Lab6_part4_APP.elf
nios2-elf-g++  -T'../Lab6_part4_APP_bsp//linker.x' -msys-crt0='../Lab6_part4_APP_bsp//obj/HAL/src/crt0.o' -msys-lib=hal_bsp -L../Lab6_part4_APP_bsp/  -msmallc  -Wl,-Map=Lab6_part4_APP.map   -O0 -g -Wall   -mno-hw-div -mno-hw-mul -mno-hw-mulx -mgpopt=global  -o Lab6_part4_APP.elf obj/default/Lab6_Part4.o -lm -msys-lib=m
nios2-elf-insert Lab6_part4_APP.elf --thread_model hal --cpu_name nios2_gen2_0 --qsys true --simulation_enabled false --id 286331136 --sidp 0x9020 --timestamp 1743531991 --stderr_dev jtag_uart_0 --stdin_dev jtag_uart_0 --stdout_dev jtag_uart_0 --sopc_system_name nios_system --quartus_project_dir "S:/CPET561/CPET_561/DE1_SoC_Lab7" --jdi ../..//output_files/DE1_SoC_Lab6.jdi --sopcinfo S:/CPET561/CPET_561/DE1_SoC_Lab7/software/Lab6_part4_APP_bsp/../../nios_system.sopcinfo
Info: (Lab6_part4_APP.elf) 8776 Bytes program size (code + initialized data).
Info:                      6876 Bytes free for stack + heap.
Info: Creating Lab6_part4_APP.objdump
nios2-elf-objdump --disassemble --syms --all-header --source Lab6_part4_APP.elf >Lab6_part4_APP.objdump
[Lab6_part4_APP build complete]
15:52:35 **** Build of configuration Nios II for project Lab6_part4_APP ****
make all 
Info: Building ../Lab6_part4_APP_bsp/
C:/intelFPGA/18.1/nios2eds/bin/gnu/H-x86_64-mingw32/bin/make --no-print-directory -C ../Lab6_part4_APP_bsp/
[BSP build complete]
[Lab6_part4_APP build complete]
15:52:36 **** Incremental Build of configuration Nios II for project Lab6_part4_APP ****
make all 
Info: Building ../Lab6_part4_APP_bsp/
C:/intelFPGA/18.1/nios2eds/bin/gnu/H-x86_64-mingw32/bin/make --no-print-directory -C ../Lab6_part4_APP_bsp/
[BSP build complete]
[Lab6_part4_APP build complete]
